{"level":"info","message":"User asd@asd is authenticated","timestamp":"2025-04-06 16:54:31"}
{"level":"info","message":"User asd@asd is authenticated","timestamp":"2025-04-06 16:54:32"}
{"level":"info","message":"User asd@asd is authenticated","timestamp":"2025-04-06 16:54:40"}
{"level":"info","message":"User asd@asd is authenticated","timestamp":"2025-04-06 16:54:40"}
{"level":"info","message":"User asd@asd is authenticated","timestamp":"2025-04-06 16:57:51"}
{"level":"info","message":"User asd@asd is authenticated","timestamp":"2025-04-06 16:57:57"}
{"level":"info","message":"User asd@asd is authenticated","timestamp":"2025-04-06 17:00:08"}
{"level":"info","message":"User asd@asd is authenticated","timestamp":"2025-04-06 17:00:10"}
{"level":"info","message":"User asd@asd is authenticated","timestamp":"2025-04-06 17:00:52"}
{"level":"info","message":"User asd@asd is authenticated","timestamp":"2025-04-06 17:03:03"}
{"level":"info","message":"User asd@asd is authenticated","timestamp":"2025-04-06 17:03:04"}
{"level":"info","message":"User asd@asd is authenticated","timestamp":"2025-04-06 17:04:57"}
{"level":"info","message":"User asd@asd is authenticated","timestamp":"2025-04-06 17:09:17"}
{"level":"info","message":"User asd@asd is authenticated","timestamp":"2025-04-06 17:09:38"}
{"level":"info","message":"User asd@asd is authenticated","timestamp":"2025-04-06 17:14:09"}
{"level":"info","message":"User asd@asd is authenticated","timestamp":"2025-04-06 17:14:10"}
{"level":"info","message":"User asd@asd is authenticated","timestamp":"2025-04-06 17:14:15"}
{"level":"info","message":"User asd@asd is authenticated","timestamp":"2025-04-06 17:14:16"}
{"level":"info","message":"User asd@asd is authenticated","timestamp":"2025-04-06 17:14:23"}
{"level":"info","message":"User asd@asd is authenticated","timestamp":"2025-04-06 17:14:35"}
{"level":"info","message":"User asd@asd is authenticated","timestamp":"2025-04-06 17:16:00"}
{"level":"info","message":"User asd@asd is authenticated","timestamp":"2025-04-06 17:16:05"}
{"level":"info","message":"User asd@asd is authenticated","timestamp":"2025-04-06 17:18:19"}
{"level":"info","message":"User asd@asd is authenticated","timestamp":"2025-04-06 17:18:30"}
{"level":"info","message":"User asd@asd is authenticated","timestamp":"2025-04-06 17:18:37"}
{"level":"info","message":"User asd@asd is authenticated","timestamp":"2025-04-06 17:18:57"}
{"level":"info","message":"User asd@asd is authenticated","timestamp":"2025-04-06 17:19:00"}
{"level":"info","message":"User asd@asd is authenticated","timestamp":"2025-04-06 17:19:08"}
{"level":"info","message":"User asd@asd is authenticated","timestamp":"2025-04-06 17:19:13"}
{"level":"info","message":"User asd@asd is authenticated","timestamp":"2025-04-06 17:19:17"}
{"level":"info","message":"User asd@asd is authenticated","timestamp":"2025-04-06 17:19:28"}
{"level":"info","message":"User asd@asd is authenticated","timestamp":"2025-04-06 17:19:39"}
{"level":"info","message":"User asd@asd is authenticated","timestamp":"2025-04-06 17:19:42"}
{"level":"info","message":"User asd@asd is authenticated","timestamp":"2025-04-06 17:19:49"}
{"level":"info","message":"User asd@asd is authenticated","timestamp":"2025-04-06 17:21:17"}
{"level":"info","message":"User asd@asd is authenticated","timestamp":"2025-04-06 17:21:20"}
{"level":"info","message":"User asd@asd is authenticated","timestamp":"2025-04-06 17:26:01"}
{"level":"info","message":"User asd@asd is authenticated","timestamp":"2025-04-06 17:26:04"}
{"level":"info","message":"User asd@asd is authenticated","timestamp":"2025-04-06 17:26:46"}
{"level":"info","message":"User asd@asd is authenticated","timestamp":"2025-04-06 17:26:49"}
{"level":"info","message":"User asd@asd is authenticated","timestamp":"2025-04-06 17:27:08"}
{"level":"info","message":"User asd@asd is authenticated","timestamp":"2025-04-06 17:27:13"}
{"level":"info","message":"User asd@asd is authenticated","timestamp":"2025-04-06 17:27:16"}
{"level":"info","message":"User asd@asd is authenticated","timestamp":"2025-04-06 17:27:30"}
{"level":"info","message":"User asd@asd is authenticated","timestamp":"2025-04-06 17:34:13"}
{"level":"info","message":"User asd@asd is authenticated","timestamp":"2025-04-06 17:34:48"}
{"level":"info","message":"User asd@asd is authenticated","timestamp":"2025-04-06 17:35:03"}
{"level":"info","message":"User asd@asd is authenticated","timestamp":"2025-04-06 17:42:22"}
{"level":"info","message":"User asd@asd is authenticated","timestamp":"2025-04-06 17:42:24"}
{"level":"info","message":"User asd@asd is authenticated","timestamp":"2025-04-06 17:42:45"}
{"level":"info","message":"User asd@asd is authenticated","timestamp":"2025-04-06 17:42:51"}
{"level":"info","message":"User asd@asd is authenticated","timestamp":"2025-04-06 17:43:04"}
{"level":"info","message":"User asd@asd is authenticated","timestamp":"2025-04-06 17:43:07"}
{"level":"info","message":"User asd@asd is authenticated","timestamp":"2025-04-06 17:43:24"}
{"level":"info","message":"User asd@asd is authenticated","timestamp":"2025-04-06 17:44:59"}
{"level":"info","message":"User asd@asd is authenticated","timestamp":"2025-04-06 18:20:43"}
{"level":"info","message":"User asd@asd is authenticated","timestamp":"2025-04-06 18:20:51"}
{"level":"info","message":"User asd@asd is authenticated","timestamp":"2025-04-06 18:20:54"}
{"level":"info","message":"User asd@asd is authenticated","timestamp":"2025-04-06 18:20:57"}
{"level":"info","message":"User asd@asd is authenticated","timestamp":"2025-04-06 18:20:59"}
{"level":"info","message":"User asd@asd is authenticated","timestamp":"2025-04-06 18:21:01"}
{"level":"info","message":"User asd@asd is authenticated","timestamp":"2025-04-06 18:21:02"}
{"level":"info","message":"User asd@asd is authenticated","timestamp":"2025-04-06 19:48:22"}
{"level":"info","message":"Login request from IP ::1 for email: asd@asd","timestamp":"2025-04-06 20:56:14"}
{"level":"info","message":"Login successful from IP ::1 for user: asd@asd","timestamp":"2025-04-06 20:56:14"}
{"level":"info","message":"Incoming request to /get-banks from IP: ::1","timestamp":"2025-04-06 20:56:15"}
{"level":"info","message":"Authenticated user asd@asd from IP ::1","timestamp":"2025-04-06 20:56:15"}
{"level":"info","message":"Total banks returned: 2 — Request IP: ::1","timestamp":"2025-04-06 20:56:15"}
{"level":"info","message":"Incoming request to /add-bank from IP: ::1","timestamp":"2025-04-06 20:56:40"}
{"level":"info","message":"New bank added from IP: ::1 — this is a bank, this is a branch, in somewhere","timestamp":"2025-04-06 20:56:40"}
{"level":"info","message":"Incoming request to /get-banks from IP: ::1","timestamp":"2025-04-06 20:56:40"}
{"level":"info","message":"Total banks returned: 3 — Request IP: ::1","timestamp":"2025-04-06 20:56:41"}
{"level":"info","message":"Request to delete bank with ID 67f2576234390e2f73d3d43f from IP: ::1","timestamp":"2025-04-06 20:56:43"}
{"level":"info","message":"Bank with ID 67f2576234390e2f73d3d43f deleted by IP: ::1","timestamp":"2025-04-06 20:56:43"}
{"level":"info","message":"Incoming request to /get-banks from IP: ::1","timestamp":"2025-04-06 20:56:44"}
{"level":"info","message":"Total banks returned: 2 — Request IP: ::1","timestamp":"2025-04-06 20:56:44"}
{"level":"info","message":"Request to delete bank with ID 67f2530b30ec874acdbf8190 from IP: ::1","timestamp":"2025-04-06 20:56:46"}
{"level":"info","message":"Bank with ID 67f2530b30ec874acdbf8190 deleted by IP: ::1","timestamp":"2025-04-06 20:56:46"}
{"level":"info","message":"Incoming request to /get-banks from IP: ::1","timestamp":"2025-04-06 20:56:47"}
{"level":"info","message":"Total banks returned: 1 — Request IP: ::1","timestamp":"2025-04-06 20:56:47"}
{"level":"info","message":"Logout request from IP ::1","timestamp":"2025-04-06 20:56:55"}
{"level":"info","message":"Login request from IP ::1 for email: asdfg@aswdf","timestamp":"2025-04-06 20:58:18"}
{"level":"warn","message":"Login failed from IP ::1 - email not found: asdfg@aswdf","timestamp":"2025-04-06 20:58:18"}
